2025/10/27 00:54:04 failed to parse observability config from env, falling back to default config
2025/10/27 00:54:04 failed to correctly initialize otel resource, resouce may be missing some attributes: the environment variable "SYSTEM_NAMESPACE" is not set, not adding "k8s.namespace.name" to otel attributes
☁️  cloudevents.Event
Context Attributes,
  specversion: 1.0
  type: dev.knative.kafka.event
  source: /apis/v1/namespaces/default/kafkasources/kafka-source#knative.public.book_reviews
  subject: partition:2#0
  id: partition:2/offset:0
  time: 2025-10-27T01:04:17.486Z
Extensions,
  key: {"schema":{"type":"struct","fields":[{"type":"int32","optional":false,"default":0,"field":"id"}],"optional":false,"name":"knative.public.book_reviews.Key"},"payload":{"id":49}}
  knativekafkaoffset: 0
  knativekafkapartition: 2
  partitionkey: {"schema":{"type":"struct","fields":[{"type":"int32","optional":false,"default":0,"field":"id"}],"optional":false,"name":"knative.public.book_reviews.Key"},"payload":{"id":49}}
Data,
  {"schema":{"type":"struct","fields":[{"type":"struct","fields":[{"type":"int32","optional":false,"default":0,"field":"id"},{"type":"int64","optional":false,"name":"io.debezium.time.MicroTimestamp","version":1,"field":"post_time"},{"type":"string","optional":false,"field":"content"},{"type":"string","optional":true,"field":"sentiment"}],"optional":true,"name":"knative.public.book_reviews.Value","field":"before"},{"type":"struct","fields":[{"type":"int32","optional":false,"default":0,"field":"id"},{"type":"int64","optional":false,"name":"io.debezium.time.MicroTimestamp","version":1,"field":"post_time"},{"type":"string","optional":false,"field":"content"},{"type":"string","optional":true,"field":"sentiment"}],"optional":true,"name":"knative.public.book_reviews.Value","field":"after"},{"type":"struct","fields":[{"type":"string","optional":false,"field":"version"},{"type":"string","optional":false,"field":"connector"},{"type":"string","optional":false,"field":"name"},{"type":"int64","optional":false,"field":"ts_ms"},{"type":"string","optional":true,"name":"io.debezium.data.Enum","version":1,"parameters":{"allowed":"true,first,first_in_data_collection,last_in_data_collection,last,false,incremental"},"default":"false","field":"snapshot"},{"type":"string","optional":false,"field":"db"},{"type":"string","optional":true,"field":"sequence"},{"type":"int64","optional":true,"field":"ts_us"},{"type":"int64","optional":true,"field":"ts_ns"},{"type":"string","optional":false,"field":"schema"},{"type":"string","optional":false,"field":"table"},{"type":"int64","optional":true,"field":"txId"},{"type":"int64","optional":true,"field":"lsn"},{"type":"int64","optional":true,"field":"xmin"}],"optional":false,"name":"io.debezium.connector.postgresql.Source","version":1,"field":"source"},{"type":"struct","fields":[{"type":"string","optional":false,"field":"id"},{"type":"int64","optional":false,"field":"total_order"},{"type":"int64","optional":false,"field":"data_collection_order"}],"optional":true,"name":"event.block","version":1,"field":"transaction"},{"type":"string","optional":false,"field":"op"},{"type":"int64","optional":true,"field":"ts_ms"},{"type":"int64","optional":true,"field":"ts_us"},{"type":"int64","optional":true,"field":"ts_ns"}],"optional":false,"name":"knative.public.book_reviews.Envelope","version":2},"payload":{"before":null,"after":{"id":49,"post_time":1761527056994000,"content":"Good book","sentiment":"positive"},"source":{"version":"3.1.0.Final","connector":"postgresql","name":"knative","ts_ms":1761527056997,"snapshot":"false","db":"mydatabase","sequence":"[\"31099464\",\"31100328\"]","ts_us":1761527056997391,"ts_ns":1761527056997391000,"schema":"public","table":"book_reviews","txId":798,"lsn":31100328,"xmin":null},"transaction":null,"op":"c","ts_ms":1761527057301,"ts_us":1761527057301173,"ts_ns":1761527057301173198}}
☁️  cloudevents.Event
Context Attributes,
  specversion: 1.0
  type: dev.knative.kafka.event
  source: /apis/v1/namespaces/default/kafkasources/kafka-source#knative.public.book_reviews
  subject: partition:2#1
  id: partition:2/offset:1
  time: 2025-10-27T01:04:29.01Z
Extensions,
  key: {"schema":{"type":"struct","fields":[{"type":"int32","optional":false,"default":0,"field":"id"}],"optional":false,"name":"knative.public.book_reviews.Key"},"payload":{"id":50}}
  knativekafkaoffset: 1
  knativekafkapartition: 2
  partitionkey: {"schema":{"type":"struct","fields":[{"type":"int32","optional":false,"default":0,"field":"id"}],"optional":false,"name":"knative.public.book_reviews.Key"},"payload":{"id":50}}
Data,
  {"schema":{"type":"struct","fields":[{"type":"struct","fields":[{"type":"int32","optional":false,"default":0,"field":"id"},{"type":"int64","optional":false,"name":"io.debezium.time.MicroTimestamp","version":1,"field":"post_time"},{"type":"string","optional":false,"field":"content"},{"type":"string","optional":true,"field":"sentiment"}],"optional":true,"name":"knative.public.book_reviews.Value","field":"before"},{"type":"struct","fields":[{"type":"int32","optional":false,"default":0,"field":"id"},{"type":"int64","optional":false,"name":"io.debezium.time.MicroTimestamp","version":1,"field":"post_time"},{"type":"string","optional":false,"field":"content"},{"type":"string","optional":true,"field":"sentiment"}],"optional":true,"name":"knative.public.book_reviews.Value","field":"after"},{"type":"struct","fields":[{"type":"string","optional":false,"field":"version"},{"type":"string","optional":false,"field":"connector"},{"type":"string","optional":false,"field":"name"},{"type":"int64","optional":false,"field":"ts_ms"},{"type":"string","optional":true,"name":"io.debezium.data.Enum","version":1,"parameters":{"allowed":"true,first,first_in_data_collection,last_in_data_collection,last,false,incremental"},"default":"false","field":"snapshot"},{"type":"string","optional":false,"field":"db"},{"type":"string","optional":true,"field":"sequence"},{"type":"int64","optional":true,"field":"ts_us"},{"type":"int64","optional":true,"field":"ts_ns"},{"type":"string","optional":false,"field":"schema"},{"type":"string","optional":false,"field":"table"},{"type":"int64","optional":true,"field":"txId"},{"type":"int64","optional":true,"field":"lsn"},{"type":"int64","optional":true,"field":"xmin"}],"optional":false,"name":"io.debezium.connector.postgresql.Source","version":1,"field":"source"},{"type":"struct","fields":[{"type":"string","optional":false,"field":"id"},{"type":"int64","optional":false,"field":"total_order"},{"type":"int64","optional":false,"field":"data_collection_order"}],"optional":true,"name":"event.block","version":1,"field":"transaction"},{"type":"string","optional":false,"field":"op"},{"type":"int64","optional":true,"field":"ts_ms"},{"type":"int64","optional":true,"field":"ts_us"},{"type":"int64","optional":true,"field":"ts_ns"}],"optional":false,"name":"knative.public.book_reviews.Envelope","version":2},"payload":{"before":null,"after":{"id":50,"post_time":1761527068935000,"content":"Super good","sentiment":"positive"},"source":{"version":"3.1.0.Final","connector":"postgresql","name":"knative","ts_ms":1761527068936,"snapshot":"false","db":"mydatabase","sequence":"[\"31104960\",\"31105016\"]","ts_us":1761527068936363,"ts_ns":1761527068936363000,"schema":"public","table":"book_reviews","txId":799,"lsn":31105016,"xmin":null},"transaction":null,"op":"c","ts_ms":1761527068938,"ts_us":1761527068938866,"ts_ns":1761527068938866374}}
☁️  cloudevents.Event
Context Attributes,
  specversion: 1.0
  type: dev.knative.kafka.event
  source: /apis/v1/namespaces/default/kafkasources/kafka-source#knative.public.book_reviews
  subject: partition:2#2
  id: partition:2/offset:2
  time: 2025-10-27T01:04:46.045Z
Extensions,
  key: {"schema":{"type":"struct","fields":[{"type":"int32","optional":false,"default":0,"field":"id"}],"optional":false,"name":"knative.public.book_reviews.Key"},"payload":{"id":51}}
  knativekafkaoffset: 2
  knativekafkapartition: 2
  partitionkey: {"schema":{"type":"struct","fields":[{"type":"int32","optional":false,"default":0,"field":"id"}],"optional":false,"name":"knative.public.book_reviews.Key"},"payload":{"id":51}}
Data,
  {"schema":{"type":"struct","fields":[{"type":"struct","fields":[{"type":"int32","optional":false,"default":0,"field":"id"},{"type":"int64","optional":false,"name":"io.debezium.time.MicroTimestamp","version":1,"field":"post_time"},{"type":"string","optional":false,"field":"content"},{"type":"string","optional":true,"field":"sentiment"}],"optional":true,"name":"knative.public.book_reviews.Value","field":"before"},{"type":"struct","fields":[{"type":"int32","optional":false,"default":0,"field":"id"},{"type":"int64","optional":false,"name":"io.debezium.time.MicroTimestamp","version":1,"field":"post_time"},{"type":"string","optional":false,"field":"content"},{"type":"string","optional":true,"field":"sentiment"}],"optional":true,"name":"knative.public.book_reviews.Value","field":"after"},{"type":"struct","fields":[{"type":"string","optional":false,"field":"version"},{"type":"string","optional":false,"field":"connector"},{"type":"string","optional":false,"field":"name"},{"type":"int64","optional":false,"field":"ts_ms"},{"type":"string","optional":true,"name":"io.debezium.data.Enum","version":1,"parameters":{"allowed":"true,first,first_in_data_collection,last_in_data_collection,last,false,incremental"},"default":"false","field":"snapshot"},{"type":"string","optional":false,"field":"db"},{"type":"string","optional":true,"field":"sequence"},{"type":"int64","optional":true,"field":"ts_us"},{"type":"int64","optional":true,"field":"ts_ns"},{"type":"string","optional":false,"field":"schema"},{"type":"string","optional":false,"field":"table"},{"type":"int64","optional":true,"field":"txId"},{"type":"int64","optional":true,"field":"lsn"},{"type":"int64","optional":true,"field":"xmin"}],"optional":false,"name":"io.debezium.connector.postgresql.Source","version":1,"field":"source"},{"type":"struct","fields":[{"type":"string","optional":false,"field":"id"},{"type":"int64","optional":false,"field":"total_order"},{"type":"int64","optional":false,"field":"data_collection_order"}],"optional":true,"name":"event.block","version":1,"field":"transaction"},{"type":"string","optional":false,"field":"op"},{"type":"int64","optional":true,"field":"ts_ms"},{"type":"int64","optional":true,"field":"ts_us"},{"type":"int64","optional":true,"field":"ts_ns"}],"optional":false,"name":"knative.public.book_reviews.Envelope","version":2},"payload":{"before":null,"after":{"id":51,"post_time":1761527085582000,"content":"Super hate","sentiment":"negative"},"source":{"version":"3.1.0.Final","connector":"postgresql","name":"knative","ts_ms":1761527085583,"snapshot":"false","db":"mydatabase","sequence":"[\"31105248\",\"31105304\"]","ts_us":1761527085583819,"ts_ns":1761527085583819000,"schema":"public","table":"book_reviews","txId":800,"lsn":31105304,"xmin":null},"transaction":null,"op":"c","ts_ms":1761527085634,"ts_us":1761527085634767,"ts_ns":1761527085634767551}}
☁️  cloudevents.Event
Context Attributes,
  specversion: 1.0
  type: dev.knative.kafka.event
  source: /apis/v1/namespaces/default/kafkasources/kafka-source#knative.public.book_reviews
  subject: partition:0#3
  id: partition:0/offset:3
  time: 2025-10-27T01:05:22.62Z
Extensions,
  key: {"schema":{"type":"struct","fields":[{"type":"int32","optional":false,"default":0,"field":"id"}],"optional":false,"name":"knative.public.book_reviews.Key"},"payload":{"id":52}}
  knativekafkaoffset: 3
  knativekafkapartition: 0
  partitionkey: {"schema":{"type":"struct","fields":[{"type":"int32","optional":false,"default":0,"field":"id"}],"optional":false,"name":"knative.public.book_reviews.Key"},"payload":{"id":52}}
Data,
  {"schema":{"type":"struct","fields":[{"type":"struct","fields":[{"type":"int32","optional":false,"default":0,"field":"id"},{"type":"int64","optional":false,"name":"io.debezium.time.MicroTimestamp","version":1,"field":"post_time"},{"type":"string","optional":false,"field":"content"},{"type":"string","optional":true,"field":"sentiment"}],"optional":true,"name":"knative.public.book_reviews.Value","field":"before"},{"type":"struct","fields":[{"type":"int32","optional":false,"default":0,"field":"id"},{"type":"int64","optional":false,"name":"io.debezium.time.MicroTimestamp","version":1,"field":"post_time"},{"type":"string","optional":false,"field":"content"},{"type":"string","optional":true,"field":"sentiment"}],"optional":true,"name":"knative.public.book_reviews.Value","field":"after"},{"type":"struct","fields":[{"type":"string","optional":false,"field":"version"},{"type":"string","optional":false,"field":"connector"},{"type":"string","optional":false,"field":"name"},{"type":"int64","optional":false,"field":"ts_ms"},{"type":"string","optional":true,"name":"io.debezium.data.Enum","version":1,"parameters":{"allowed":"true,first,first_in_data_collection,last_in_data_collection,last,false,incremental"},"default":"false","field":"snapshot"},{"type":"string","optional":false,"field":"db"},{"type":"string","optional":true,"field":"sequence"},{"type":"int64","optional":true,"field":"ts_us"},{"type":"int64","optional":true,"field":"ts_ns"},{"type":"string","optional":false,"field":"schema"},{"type":"string","optional":false,"field":"table"},{"type":"int64","optional":true,"field":"txId"},{"type":"int64","optional":true,"field":"lsn"},{"type":"int64","optional":true,"field":"xmin"}],"optional":false,"name":"io.debezium.connector.postgresql.Source","version":1,"field":"source"},{"type":"struct","fields":[{"type":"string","optional":false,"field":"id"},{"type":"int64","optional":false,"field":"total_order"},{"type":"int64","optional":false,"field":"data_collection_order"}],"optional":true,"name":"event.block","version":1,"field":"transaction"},{"type":"string","optional":false,"field":"op"},{"type":"int64","optional":true,"field":"ts_ms"},{"type":"int64","optional":true,"field":"ts_us"},{"type":"int64","optional":true,"field":"ts_ns"}],"optional":false,"name":"knative.public.book_reviews.Envelope","version":2},"payload":{"before":null,"after":{"id":52,"post_time":1761527122418000,"content":"Meh","sentiment":"neutral"},"source":{"version":"3.1.0.Final","connector":"postgresql","name":"knative","ts_ms":1761527122419,"snapshot":"false","db":"mydatabase","sequence":"[\"31105512\",\"31127184\"]","ts_us":1761527122419301,"ts_ns":1761527122419301000,"schema":"public","table":"book_reviews","txId":802,"lsn":31127184,"xmin":null},"transaction":null,"op":"c","ts_ms":1761527122569,"ts_us":1761527122569916,"ts_ns":1761527122569916737}}